#! /usr/bin/vvp
:ivl_version "12.0 (stable)";
:ivl_delay_selection "TYPICAL";
:vpi_time_precision - 12;
:vpi_module "/usr/lib/x86_64-linux-gnu/ivl/system.vpi";
:vpi_module "/usr/lib/x86_64-linux-gnu/ivl/vhdl_sys.vpi";
:vpi_module "/usr/lib/x86_64-linux-gnu/ivl/vhdl_textio.vpi";
:vpi_module "/usr/lib/x86_64-linux-gnu/ivl/v2005_math.vpi";
:vpi_module "/usr/lib/x86_64-linux-gnu/ivl/va_math.vpi";
S_0x61c032b09a10 .scope module, "bcd2bin_TB" "bcd2bin_TB" 2 3;
 .timescale -9 -12;
P_0x61c032b153a0 .param/real "DUTY_CYCLE" 0 2 15, Cr<m4000000000000000gfc1>; value=0.500000
P_0x61c032b153e0 .param/l "OFFSET" 0 2 16, +C4<00000000000000000000000000000000>;
P_0x61c032b15420 .param/l "PERIOD" 0 2 14, +C4<00000000000000000000000000010100>;
v0x61c032b37dd0_0 .var "A", 19 0;
L_0x719ea87572e8 .functor BUFT 1, C4<0000000000000000>, C4<0>, C4<0>, C4<0>;
v0x61c032b37f00_0 .net *"_ivl_3", 15 0, L_0x719ea87572e8;  1 drivers
v0x61c032b37fe0_0 .var "clk", 0 0;
v0x61c032b38080_0 .net "done", 0 0, v0x61c032b32340_0;  1 drivers
v0x61c032b38170_0 .var "i", 20 0;
v0x61c032b38280_0 .net "result", 32 0, L_0x61c032b39bd0;  1 drivers
v0x61c032b38360_0 .var "rst", 0 0;
v0x61c032b38450_0 .var "start", 0 0;
L_0x61c032b39bd0 .concat [ 17 16 0 0], L_0x61c032b38e50, L_0x719ea87572e8;
S_0x61c032b078e0 .scope begin, "TEST_CASE" "TEST_CASE" 2 48, 2 48 0, S_0x61c032b09a10;
 .timescale -9 -12;
S_0x61c032b082b0 .scope module, "uut" "bcd2bin" 2 10, 3 1 0, S_0x61c032b09a10;
 .timescale -9 -12;
    .port_info 0 /INPUT 1 "clk";
    .port_info 1 /INPUT 1 "rst";
    .port_info 2 /INPUT 1 "init";
    .port_info 3 /INPUT 20 "A";
    .port_info 4 /OUTPUT 17 "result";
    .port_info 5 /OUTPUT 1 "done";
v0x61c032b36760_0 .net "A", 19 0, v0x61c032b37dd0_0;  1 drivers
v0x61c032b36840_0 .net *"_ivl_1", 0 0, L_0x61c032b38540;  1 drivers
v0x61c032b36900_0 .net *"_ivl_12", 19 0, L_0x61c032b38be0;  1 drivers
v0x61c032b369f0_0 .net *"_ivl_3", 0 0, L_0x61c032b38630;  1 drivers
v0x61c032b36ad0_0 .net *"_ivl_5", 0 0, L_0x61c032b386d0;  1 drivers
v0x61c032b36c00_0 .net *"_ivl_7", 0 0, L_0x61c032b38800;  1 drivers
v0x61c032b36ce0_0 .net *"_ivl_9", 0 0, L_0x61c032b388d0;  1 drivers
v0x61c032b36dc0_0 .net "clk", 0 0, v0x61c032b37fe0_0;  1 drivers
v0x61c032b36ef0_0 .net "done", 0 0, v0x61c032b32340_0;  alias, 1 drivers
v0x61c032b37020_0 .net "init", 0 0, v0x61c032b38450_0;  1 drivers
v0x61c032b370f0_0 .net "result", 16 0, L_0x61c032b38e50;  1 drivers
v0x61c032b37190_0 .net "rst", 0 0, v0x61c032b38360_0;  1 drivers
v0x61c032b37260_0 .net "w_LD", 4 0, v0x61c032b35b30_0;  1 drivers
v0x61c032b37300_0 .net "w_MSB", 4 0, L_0x61c032b38970;  1 drivers
v0x61c032b373c0_0 .net "w_MUX", 19 0, L_0x61c032b39590;  1 drivers
v0x61c032b37480_0 .net "w_add", 0 0, v0x61c032b320b0_0;  1 drivers
v0x61c032b37520_0 .net "w_cen", 3 0, L_0x61c032b39220;  1 drivers
v0x61c032b375e0_0 .net "w_dec", 3 0, L_0x61c032b39350;  1 drivers
v0x61c032b376b0_0 .net "w_dmi", 3 0, L_0x61c032b39030;  1 drivers
v0x61c032b37780_0 .net "w_ld", 0 0, v0x61c032b32510_0;  1 drivers
v0x61c032b37820_0 .net "w_ld_in", 19 0, L_0x61c032b39d40;  1 drivers
v0x61c032b378f0_0 .net "w_ld_msb", 0 0, v0x61c032b325d0_0;  1 drivers
v0x61c032b37990_0 .net "w_sel", 0 0, v0x61c032b32750_0;  1 drivers
v0x61c032b37a30_0 .net "w_sh", 0 0, v0x61c032b32810_0;  1 drivers
v0x61c032b37ad0_0 .net "w_umi", 3 0, L_0x61c032b39120;  1 drivers
v0x61c032b37b70_0 .net "w_uni", 3 0, L_0x61c032b39460;  1 drivers
v0x61c032b37c40_0 .net "w_z", 0 0, v0x61c032b33280_0;  1 drivers
L_0x61c032b38540 .part L_0x61c032b39d40, 19, 1;
L_0x61c032b38630 .part L_0x61c032b39d40, 15, 1;
L_0x61c032b386d0 .part L_0x61c032b39d40, 11, 1;
L_0x61c032b38800 .part L_0x61c032b39d40, 7, 1;
L_0x61c032b388d0 .part L_0x61c032b39d40, 3, 1;
LS_0x61c032b38970_0_0 .concat [ 1 1 1 1], L_0x61c032b388d0, L_0x61c032b38800, L_0x61c032b386d0, L_0x61c032b38630;
LS_0x61c032b38970_0_4 .concat [ 1 0 0 0], L_0x61c032b38540;
L_0x61c032b38970 .concat [ 4 1 0 0], LS_0x61c032b38970_0_0, LS_0x61c032b38970_0_4;
LS_0x61c032b38be0_0_0 .concat [ 4 4 4 4], L_0x61c032b39460, L_0x61c032b39350, L_0x61c032b39220, L_0x61c032b39120;
LS_0x61c032b38be0_0_4 .concat [ 4 0 0 0], L_0x61c032b39030;
L_0x61c032b38be0 .concat [ 16 4 0 0], LS_0x61c032b38be0_0_0, LS_0x61c032b38be0_0_4;
L_0x61c032b38e50 .part L_0x61c032b38be0, 0, 17;
L_0x61c032b39030 .part L_0x61c032b38f90, 16, 4;
L_0x61c032b39120 .part L_0x61c032b38f90, 12, 4;
L_0x61c032b39220 .part L_0x61c032b38f90, 8, 4;
L_0x61c032b39350 .part L_0x61c032b38f90, 4, 4;
L_0x61c032b39460 .part L_0x61c032b38f90, 0, 4;
LS_0x61c032b39590_0_0 .concat8 [ 4 4 4 4], v0x61c032b337e0_0, v0x61c032b33e70_0, v0x61c032b344c0_0, v0x61c032b34b40_0;
LS_0x61c032b39590_0_4 .concat8 [ 4 0 0 0], v0x61c032b35170_0;
L_0x61c032b39590 .concat8 [ 16 4 0 0], LS_0x61c032b39590_0_0, LS_0x61c032b39590_0_4;
L_0x61c032b397a0 .part L_0x61c032b39590, 0, 4;
L_0x61c032b39870 .part L_0x61c032b39590, 4, 4;
L_0x61c032b399a0 .part L_0x61c032b39590, 8, 4;
L_0x61c032b39b00 .part L_0x61c032b39590, 12, 4;
L_0x61c032b39c70 .part L_0x61c032b39590, 16, 4;
LS_0x61c032b39d40_0_0 .concat8 [ 4 4 4 4], v0x61c032b159e0_0, v0x61c032b016f0_0, v0x61c032b309f0_0, v0x61c032b30fb0_0;
LS_0x61c032b39d40_0_4 .concat8 [ 4 0 0 0], v0x61c032b315c0_0;
L_0x61c032b39d40 .concat8 [ 16 4 0 0], LS_0x61c032b39d40_0_0, LS_0x61c032b39d40_0_4;
S_0x61c032b08e60 .scope module, "comp0" "add_sub_c2" 3 36, 4 1 0, S_0x61c032b082b0;
 .timescale -9 -12;
    .port_info 0 /INPUT 4 "in_A";
    .port_info 1 /INPUT 4 "in_B";
    .port_info 2 /OUTPUT 4 "Result";
v0x61c032b159e0_0 .var "Result", 3 0;
v0x61c032b15e20_0 .net "in_A", 3 0, L_0x61c032b39460;  alias, 1 drivers
v0x61c032b166f0_0 .net "in_B", 3 0, L_0x61c032b397a0;  1 drivers
E_0x61c032abd4d0 .event anyedge, v0x61c032b15e20_0, v0x61c032b166f0_0;
S_0x61c032b303f0 .scope module, "comp1" "add_sub_c2" 3 37, 4 1 0, S_0x61c032b082b0;
 .timescale -9 -12;
    .port_info 0 /INPUT 4 "in_A";
    .port_info 1 /INPUT 4 "in_B";
    .port_info 2 /OUTPUT 4 "Result";
v0x61c032b016f0_0 .var "Result", 3 0;
v0x61c032b09d30_0 .net "in_A", 3 0, L_0x61c032b39350;  alias, 1 drivers
v0x61c032b10710_0 .net "in_B", 3 0, L_0x61c032b39870;  1 drivers
E_0x61c032b171c0 .event anyedge, v0x61c032b09d30_0, v0x61c032b10710_0;
S_0x61c032b307a0 .scope module, "comp2" "add_sub_c2" 3 38, 4 1 0, S_0x61c032b082b0;
 .timescale -9 -12;
    .port_info 0 /INPUT 4 "in_A";
    .port_info 1 /INPUT 4 "in_B";
    .port_info 2 /OUTPUT 4 "Result";
v0x61c032b309f0_0 .var "Result", 3 0;
v0x61c032b30af0_0 .net "in_A", 3 0, L_0x61c032b39220;  alias, 1 drivers
v0x61c032b30bd0_0 .net "in_B", 3 0, L_0x61c032b399a0;  1 drivers
E_0x61c032b17510 .event anyedge, v0x61c032b30af0_0, v0x61c032b30bd0_0;
S_0x61c032b30d40 .scope module, "comp3" "add_sub_c2" 3 39, 4 1 0, S_0x61c032b082b0;
 .timescale -9 -12;
    .port_info 0 /INPUT 4 "in_A";
    .port_info 1 /INPUT 4 "in_B";
    .port_info 2 /OUTPUT 4 "Result";
v0x61c032b30fb0_0 .var "Result", 3 0;
v0x61c032b310b0_0 .net "in_A", 3 0, L_0x61c032b39120;  alias, 1 drivers
v0x61c032b31190_0 .net "in_B", 3 0, L_0x61c032b39b00;  1 drivers
E_0x61c032b172d0 .event anyedge, v0x61c032b310b0_0, v0x61c032b31190_0;
S_0x61c032b31300 .scope module, "comp4" "add_sub_c2" 3 40, 4 1 0, S_0x61c032b082b0;
 .timescale -9 -12;
    .port_info 0 /INPUT 4 "in_A";
    .port_info 1 /INPUT 4 "in_B";
    .port_info 2 /OUTPUT 4 "Result";
v0x61c032b315c0_0 .var "Result", 3 0;
v0x61c032b316c0_0 .net "in_A", 3 0, L_0x61c032b39030;  alias, 1 drivers
v0x61c032b317a0_0 .net "in_B", 3 0, L_0x61c032b39c70;  1 drivers
E_0x61c032b17550 .event anyedge, v0x61c032b316c0_0, v0x61c032b317a0_0;
S_0x61c032b318e0 .scope module, "control0" "ctrl_b2b" 3 44, 5 1 0, S_0x61c032b082b0;
 .timescale -9 -12;
    .port_info 0 /INPUT 1 "clk";
    .port_info 1 /INPUT 1 "rst";
    .port_info 2 /INPUT 1 "init";
    .port_info 3 /OUTPUT 1 "done";
    .port_info 4 /OUTPUT 1 "sh";
    .port_info 5 /OUTPUT 1 "ld";
    .port_info 6 /OUTPUT 1 "sel";
    .port_info 7 /OUTPUT 1 "ld_msb";
    .port_info 8 /OUTPUT 1 "add";
    .port_info 9 /INPUT 1 "z";
P_0x61c032b31ac0 .param/l "ADD" 0 5 23, C4<011>;
P_0x61c032b31b00 .param/l "CHECK" 0 5 21, C4<001>;
P_0x61c032b31b40 .param/l "END1" 0 5 25, C4<101>;
P_0x61c032b31b80 .param/l "LOAD_A2" 0 5 24, C4<100>;
P_0x61c032b31bc0 .param/l "SHIFT_DEC" 0 5 22, C4<010>;
P_0x61c032b31c00 .param/l "START" 0 5 20, C4<000>;
v0x61c032b320b0_0 .var "add", 0 0;
v0x61c032b32190_0 .net "clk", 0 0, v0x61c032b37fe0_0;  alias, 1 drivers
v0x61c032b32250_0 .var "count", 3 0;
v0x61c032b32340_0 .var "done", 0 0;
v0x61c032b32400_0 .net "init", 0 0, v0x61c032b38450_0;  alias, 1 drivers
v0x61c032b32510_0 .var "ld", 0 0;
v0x61c032b325d0_0 .var "ld_msb", 0 0;
v0x61c032b32690_0 .net "rst", 0 0, v0x61c032b38360_0;  alias, 1 drivers
v0x61c032b32750_0 .var "sel", 0 0;
v0x61c032b32810_0 .var "sh", 0 0;
v0x61c032b328d0_0 .var "state", 2 0;
v0x61c032b329b0_0 .var "state_name", 320 1;
v0x61c032b32a90_0 .net "z", 0 0, v0x61c032b33280_0;  alias, 1 drivers
E_0x61c032b31ff0 .event anyedge, v0x61c032b328d0_0;
E_0x61c032b32050 .event posedge, v0x61c032b32190_0;
S_0x61c032b32cf0 .scope module, "count0" "cnt_bin2bcd" 3 43, 6 1 0, S_0x61c032b082b0;
 .timescale -9 -12;
    .port_info 0 /INPUT 1 "clk";
    .port_info 1 /INPUT 1 "ld";
    .port_info 2 /INPUT 1 "dec";
    .port_info 3 /OUTPUT 1 "z";
v0x61c032b32f00_0 .net "clk", 0 0, v0x61c032b37fe0_0;  alias, 1 drivers
v0x61c032b32ff0_0 .var "cont", 4 0;
v0x61c032b330b0_0 .net "dec", 0 0, v0x61c032b32810_0;  alias, 1 drivers
v0x61c032b331b0_0 .net "ld", 0 0, v0x61c032b32510_0;  alias, 1 drivers
v0x61c032b33280_0 .var "z", 0 0;
E_0x61c032b32e80 .event negedge, v0x61c032b32190_0;
S_0x61c032b333a0 .scope module, "mux0" "mux" 3 31, 7 1 0, S_0x61c032b082b0;
 .timescale -9 -12;
    .port_info 0 /INPUT 4 "in1";
    .port_info 1 /INPUT 4 "in2";
    .port_info 2 /OUTPUT 4 "out";
    .port_info 3 /INPUT 1 "sel";
L_0x719ea8757018 .functor BUFT 1, C4<1101>, C4<0>, C4<0>, C4<0>;
v0x61c032b33600_0 .net "in1", 3 0, L_0x719ea8757018;  1 drivers
L_0x719ea8757060 .functor BUFT 1, C4<1011>, C4<0>, C4<0>, C4<0>;
v0x61c032b33700_0 .net "in2", 3 0, L_0x719ea8757060;  1 drivers
v0x61c032b337e0_0 .var "out", 3 0;
v0x61c032b338d0_0 .net "sel", 0 0, v0x61c032b32750_0;  alias, 1 drivers
E_0x61c032b33580 .event anyedge, v0x61c032b32750_0, v0x61c032b33700_0, v0x61c032b33600_0;
S_0x61c032b33a30 .scope module, "mux1" "mux" 3 32, 7 1 0, S_0x61c032b082b0;
 .timescale -9 -12;
    .port_info 0 /INPUT 4 "in1";
    .port_info 1 /INPUT 4 "in2";
    .port_info 2 /OUTPUT 4 "out";
    .port_info 3 /INPUT 1 "sel";
L_0x719ea87570a8 .functor BUFT 1, C4<1101>, C4<0>, C4<0>, C4<0>;
v0x61c032b33c90_0 .net "in1", 3 0, L_0x719ea87570a8;  1 drivers
L_0x719ea87570f0 .functor BUFT 1, C4<1011>, C4<0>, C4<0>, C4<0>;
v0x61c032b33d90_0 .net "in2", 3 0, L_0x719ea87570f0;  1 drivers
v0x61c032b33e70_0 .var "out", 3 0;
v0x61c032b33f60_0 .net "sel", 0 0, v0x61c032b32750_0;  alias, 1 drivers
E_0x61c032b33c10 .event anyedge, v0x61c032b32750_0, v0x61c032b33d90_0, v0x61c032b33c90_0;
S_0x61c032b34080 .scope module, "mux2" "mux" 3 33, 7 1 0, S_0x61c032b082b0;
 .timescale -9 -12;
    .port_info 0 /INPUT 4 "in1";
    .port_info 1 /INPUT 4 "in2";
    .port_info 2 /OUTPUT 4 "out";
    .port_info 3 /INPUT 1 "sel";
L_0x719ea8757138 .functor BUFT 1, C4<1101>, C4<0>, C4<0>, C4<0>;
v0x61c032b342e0_0 .net "in1", 3 0, L_0x719ea8757138;  1 drivers
L_0x719ea8757180 .functor BUFT 1, C4<1011>, C4<0>, C4<0>, C4<0>;
v0x61c032b343e0_0 .net "in2", 3 0, L_0x719ea8757180;  1 drivers
v0x61c032b344c0_0 .var "out", 3 0;
v0x61c032b345b0_0 .net "sel", 0 0, v0x61c032b32750_0;  alias, 1 drivers
E_0x61c032b34260 .event anyedge, v0x61c032b32750_0, v0x61c032b343e0_0, v0x61c032b342e0_0;
S_0x61c032b34700 .scope module, "mux3" "mux" 3 34, 7 1 0, S_0x61c032b082b0;
 .timescale -9 -12;
    .port_info 0 /INPUT 4 "in1";
    .port_info 1 /INPUT 4 "in2";
    .port_info 2 /OUTPUT 4 "out";
    .port_info 3 /INPUT 1 "sel";
L_0x719ea87571c8 .functor BUFT 1, C4<1101>, C4<0>, C4<0>, C4<0>;
v0x61c032b34960_0 .net "in1", 3 0, L_0x719ea87571c8;  1 drivers
L_0x719ea8757210 .functor BUFT 1, C4<1011>, C4<0>, C4<0>, C4<0>;
v0x61c032b34a60_0 .net "in2", 3 0, L_0x719ea8757210;  1 drivers
v0x61c032b34b40_0 .var "out", 3 0;
v0x61c032b34c30_0 .net "sel", 0 0, v0x61c032b32750_0;  alias, 1 drivers
E_0x61c032b348e0 .event anyedge, v0x61c032b32750_0, v0x61c032b34a60_0, v0x61c032b34960_0;
S_0x61c032b34d80 .scope module, "mux4" "mux" 3 35, 7 1 0, S_0x61c032b082b0;
 .timescale -9 -12;
    .port_info 0 /INPUT 4 "in1";
    .port_info 1 /INPUT 4 "in2";
    .port_info 2 /OUTPUT 4 "out";
    .port_info 3 /INPUT 1 "sel";
L_0x719ea8757258 .functor BUFT 1, C4<1101>, C4<0>, C4<0>, C4<0>;
v0x61c032b34f90_0 .net "in1", 3 0, L_0x719ea8757258;  1 drivers
L_0x719ea87572a0 .functor BUFT 1, C4<1011>, C4<0>, C4<0>, C4<0>;
v0x61c032b35090_0 .net "in2", 3 0, L_0x719ea87572a0;  1 drivers
v0x61c032b35170_0 .var "out", 3 0;
v0x61c032b35260_0 .net "sel", 0 0, v0x61c032b32750_0;  alias, 1 drivers
E_0x61c032b34f10 .event anyedge, v0x61c032b32750_0, v0x61c032b35090_0, v0x61c032b34f90_0;
S_0x61c032b353b0 .scope module, "reg0" "reg_msb" 3 41, 8 1 0, S_0x61c032b082b0;
 .timescale -9 -12;
    .port_info 0 /INPUT 1 "clk";
    .port_info 1 /INPUT 1 "reset";
    .port_info 2 /INPUT 5 "in";
    .port_info 3 /OUTPUT 5 "out";
    .port_info 4 /INPUT 1 "ld";
    .port_info 5 /INPUT 1 "oe";
v0x61c032b356f0_0 .net "clk", 0 0, v0x61c032b37fe0_0;  alias, 1 drivers
v0x61c032b35800_0 .var "cont", 4 0;
v0x61c032b358e0_0 .net "in", 4 0, L_0x61c032b38970;  alias, 1 drivers
v0x61c032b359a0_0 .net "ld", 0 0, v0x61c032b325d0_0;  alias, 1 drivers
v0x61c032b35a40_0 .net "oe", 0 0, v0x61c032b320b0_0;  alias, 1 drivers
v0x61c032b35b30_0 .var "out", 4 0;
v0x61c032b35bd0_0 .net "reset", 0 0, v0x61c032b32510_0;  alias, 1 drivers
E_0x61c032b35670 .event anyedge, v0x61c032b320b0_0, v0x61c032b35800_0;
S_0x61c032b35dc0 .scope module, "rsr40" "rsr4" 3 30, 9 1 0, S_0x61c032b082b0;
 .timescale -9 -12;
    .port_info 0 /INPUT 1 "clk";
    .port_info 1 /INPUT 1 "rst_ld";
    .port_info 2 /INPUT 1 "shift";
    .port_info 3 /INPUT 5 "lda2";
    .port_info 4 /INPUT 20 "in_R1";
    .port_info 5 /INPUT 20 "in_R2";
    .port_info 6 /OUTPUT 20 "out_R";
v0x61c032b35fa0_0 .net "clk", 0 0, v0x61c032b37fe0_0;  alias, 1 drivers
v0x61c032b36060_0 .var "data", 35 0;
v0x61c032b36140_0 .net "in_R1", 19 0, v0x61c032b37dd0_0;  alias, 1 drivers
v0x61c032b36200_0 .net "in_R2", 19 0, L_0x61c032b39d40;  alias, 1 drivers
v0x61c032b362e0_0 .net "lda2", 4 0, v0x61c032b35b30_0;  alias, 1 drivers
v0x61c032b363f0_0 .net "out_R", 19 0, L_0x61c032b38f90;  1 drivers
v0x61c032b364b0_0 .net "rst_ld", 0 0, v0x61c032b32510_0;  alias, 1 drivers
v0x61c032b36550_0 .net "shift", 0 0, v0x61c032b32810_0;  alias, 1 drivers
L_0x61c032b38f90 .part v0x61c032b36060_0, 16, 20;
    .scope S_0x61c032b35dc0;
T_0 ;
    %wait E_0x61c032b32e80;
    %load/vec4 v0x61c032b364b0_0;
    %flag_set/vec4 8;
    %jmp/0xz  T_0.0, 8;
    %pushi/vec4 0, 0, 16;
    %ix/load 4, 0, 0;
    %ix/load 5, 0, 0;
    %flag_set/imm 4, 0;
    %assign/vec4/off/d v0x61c032b36060_0, 4, 5;
    %load/vec4 v0x61c032b36140_0;
    %ix/load 4, 16, 0;
    %ix/load 5, 0, 0;
    %flag_set/imm 4, 0;
    %assign/vec4/off/d v0x61c032b36060_0, 4, 5;
    %jmp T_0.1;
T_0.0 ;
    %load/vec4 v0x61c032b36550_0;
    %flag_set/vec4 8;
    %jmp/0xz  T_0.2, 8;
    %pushi/vec4 0, 0, 1;
    %load/vec4 v0x61c032b36060_0;
    %parti/s 35, 1, 2;
    %concat/vec4; draw_concat_vec4
    %assign/vec4 v0x61c032b36060_0, 0;
    %jmp T_0.3;
T_0.2 ;
    %load/vec4 v0x61c032b362e0_0;
    %parti/s 1, 4, 4;
    %pad/u 32;
    %cmpi/e 1, 0, 32;
    %jmp/0xz  T_0.4, 4;
    %load/vec4 v0x61c032b36200_0;
    %parti/s 4, 16, 6;
    %ix/load 4, 32, 0;
    %ix/load 5, 0, 0;
    %flag_set/imm 4, 0;
    %assign/vec4/off/d v0x61c032b36060_0, 4, 5;
T_0.4 ;
    %load/vec4 v0x61c032b362e0_0;
    %parti/s 1, 3, 3;
    %pad/u 32;
    %cmpi/e 1, 0, 32;
    %jmp/0xz  T_0.6, 4;
    %load/vec4 v0x61c032b36200_0;
    %parti/s 4, 12, 5;
    %ix/load 4, 28, 0;
    %ix/load 5, 0, 0;
    %flag_set/imm 4, 0;
    %assign/vec4/off/d v0x61c032b36060_0, 4, 5;
T_0.6 ;
    %load/vec4 v0x61c032b362e0_0;
    %parti/s 1, 2, 3;
    %pad/u 32;
    %cmpi/e 1, 0, 32;
    %jmp/0xz  T_0.8, 4;
    %load/vec4 v0x61c032b36200_0;
    %parti/s 4, 8, 5;
    %ix/load 4, 24, 0;
    %ix/load 5, 0, 0;
    %flag_set/imm 4, 0;
    %assign/vec4/off/d v0x61c032b36060_0, 4, 5;
T_0.8 ;
    %load/vec4 v0x61c032b362e0_0;
    %parti/s 1, 1, 2;
    %pad/u 32;
    %cmpi/e 1, 0, 32;
    %jmp/0xz  T_0.10, 4;
    %load/vec4 v0x61c032b36200_0;
    %parti/s 4, 4, 4;
    %ix/load 4, 20, 0;
    %ix/load 5, 0, 0;
    %flag_set/imm 4, 0;
    %assign/vec4/off/d v0x61c032b36060_0, 4, 5;
T_0.10 ;
    %load/vec4 v0x61c032b362e0_0;
    %parti/s 1, 0, 2;
    %pad/u 32;
    %cmpi/e 1, 0, 32;
    %jmp/0xz  T_0.12, 4;
    %load/vec4 v0x61c032b36200_0;
    %parti/s 4, 0, 2;
    %ix/load 4, 16, 0;
    %ix/load 5, 0, 0;
    %flag_set/imm 4, 0;
    %assign/vec4/off/d v0x61c032b36060_0, 4, 5;
T_0.12 ;
T_0.3 ;
T_0.1 ;
    %jmp T_0;
    .thread T_0;
    .scope S_0x61c032b333a0;
T_1 ;
    %wait E_0x61c032b33580;
    %load/vec4 v0x61c032b338d0_0;
    %flag_set/vec4 8;
    %jmp/0xz  T_1.0, 8;
    %load/vec4 v0x61c032b33700_0;
    %store/vec4 v0x61c032b337e0_0, 0, 4;
    %jmp T_1.1;
T_1.0 ;
    %load/vec4 v0x61c032b33600_0;
    %store/vec4 v0x61c032b337e0_0, 0, 4;
T_1.1 ;
    %jmp T_1;
    .thread T_1, $push;
    .scope S_0x61c032b33a30;
T_2 ;
    %wait E_0x61c032b33c10;
    %load/vec4 v0x61c032b33f60_0;
    %flag_set/vec4 8;
    %jmp/0xz  T_2.0, 8;
    %load/vec4 v0x61c032b33d90_0;
    %store/vec4 v0x61c032b33e70_0, 0, 4;
    %jmp T_2.1;
T_2.0 ;
    %load/vec4 v0x61c032b33c90_0;
    %store/vec4 v0x61c032b33e70_0, 0, 4;
T_2.1 ;
    %jmp T_2;
    .thread T_2, $push;
    .scope S_0x61c032b34080;
T_3 ;
    %wait E_0x61c032b34260;
    %load/vec4 v0x61c032b345b0_0;
    %flag_set/vec4 8;
    %jmp/0xz  T_3.0, 8;
    %load/vec4 v0x61c032b343e0_0;
    %store/vec4 v0x61c032b344c0_0, 0, 4;
    %jmp T_3.1;
T_3.0 ;
    %load/vec4 v0x61c032b342e0_0;
    %store/vec4 v0x61c032b344c0_0, 0, 4;
T_3.1 ;
    %jmp T_3;
    .thread T_3, $push;
    .scope S_0x61c032b34700;
T_4 ;
    %wait E_0x61c032b348e0;
    %load/vec4 v0x61c032b34c30_0;
    %flag_set/vec4 8;
    %jmp/0xz  T_4.0, 8;
    %load/vec4 v0x61c032b34a60_0;
    %store/vec4 v0x61c032b34b40_0, 0, 4;
    %jmp T_4.1;
T_4.0 ;
    %load/vec4 v0x61c032b34960_0;
    %store/vec4 v0x61c032b34b40_0, 0, 4;
T_4.1 ;
    %jmp T_4;
    .thread T_4, $push;
    .scope S_0x61c032b34d80;
T_5 ;
    %wait E_0x61c032b34f10;
    %load/vec4 v0x61c032b35260_0;
    %flag_set/vec4 8;
    %jmp/0xz  T_5.0, 8;
    %load/vec4 v0x61c032b35090_0;
    %store/vec4 v0x61c032b35170_0, 0, 4;
    %jmp T_5.1;
T_5.0 ;
    %load/vec4 v0x61c032b34f90_0;
    %store/vec4 v0x61c032b35170_0, 0, 4;
T_5.1 ;
    %jmp T_5;
    .thread T_5, $push;
    .scope S_0x61c032b08e60;
T_6 ;
    %wait E_0x61c032abd4d0;
    %load/vec4 v0x61c032b15e20_0;
    %load/vec4 v0x61c032b166f0_0;
    %add;
    %store/vec4 v0x61c032b159e0_0, 0, 4;
    %jmp T_6;
    .thread T_6, $push;
    .scope S_0x61c032b303f0;
T_7 ;
    %wait E_0x61c032b171c0;
    %load/vec4 v0x61c032b09d30_0;
    %load/vec4 v0x61c032b10710_0;
    %add;
    %store/vec4 v0x61c032b016f0_0, 0, 4;
    %jmp T_7;
    .thread T_7, $push;
    .scope S_0x61c032b307a0;
T_8 ;
    %wait E_0x61c032b17510;
    %load/vec4 v0x61c032b30af0_0;
    %load/vec4 v0x61c032b30bd0_0;
    %add;
    %store/vec4 v0x61c032b309f0_0, 0, 4;
    %jmp T_8;
    .thread T_8, $push;
    .scope S_0x61c032b30d40;
T_9 ;
    %wait E_0x61c032b172d0;
    %load/vec4 v0x61c032b310b0_0;
    %load/vec4 v0x61c032b31190_0;
    %add;
    %store/vec4 v0x61c032b30fb0_0, 0, 4;
    %jmp T_9;
    .thread T_9, $push;
    .scope S_0x61c032b31300;
T_10 ;
    %wait E_0x61c032b17550;
    %load/vec4 v0x61c032b316c0_0;
    %load/vec4 v0x61c032b317a0_0;
    %add;
    %store/vec4 v0x61c032b315c0_0, 0, 4;
    %jmp T_10;
    .thread T_10, $push;
    .scope S_0x61c032b353b0;
T_11 ;
    %wait E_0x61c032b35670;
    %load/vec4 v0x61c032b35a40_0;
    %flag_set/vec4 8;
    %jmp/0xz  T_11.0, 8;
    %load/vec4 v0x61c032b35800_0;
    %inv;
    %store/vec4 v0x61c032b35b30_0, 0, 5;
    %jmp T_11.1;
T_11.0 ;
    %pushi/vec4 0, 0, 5;
    %store/vec4 v0x61c032b35b30_0, 0, 5;
T_11.1 ;
    %jmp T_11;
    .thread T_11, $push;
    .scope S_0x61c032b353b0;
T_12 ;
    %wait E_0x61c032b32e80;
    %load/vec4 v0x61c032b35bd0_0;
    %flag_set/vec4 8;
    %jmp/0xz  T_12.0, 8;
    %pushi/vec4 0, 0, 5;
    %assign/vec4 v0x61c032b35800_0, 0;
    %jmp T_12.1;
T_12.0 ;
    %load/vec4 v0x61c032b359a0_0;
    %flag_set/vec4 8;
    %jmp/0xz  T_12.2, 8;
    %load/vec4 v0x61c032b358e0_0;
    %assign/vec4 v0x61c032b35800_0, 0;
T_12.2 ;
T_12.1 ;
    %jmp T_12;
    .thread T_12;
    .scope S_0x61c032b32cf0;
T_13 ;
    %pushi/vec4 8, 0, 5;
    %store/vec4 v0x61c032b32ff0_0, 0, 5;
    %end;
    .thread T_13;
    .scope S_0x61c032b32cf0;
T_14 ;
    %wait E_0x61c032b32e80;
    %load/vec4 v0x61c032b331b0_0;
    %flag_set/vec4 8;
    %jmp/0xz  T_14.0, 8;
    %pushi/vec4 16, 0, 5;
    %assign/vec4 v0x61c032b32ff0_0, 0;
    %jmp T_14.1;
T_14.0 ;
    %load/vec4 v0x61c032b330b0_0;
    %flag_set/vec4 8;
    %jmp/0xz  T_14.2, 8;
    %load/vec4 v0x61c032b32ff0_0;
    %subi 1, 0, 5;
    %assign/vec4 v0x61c032b32ff0_0, 0;
    %jmp T_14.3;
T_14.2 ;
    %load/vec4 v0x61c032b32ff0_0;
    %assign/vec4 v0x61c032b32ff0_0, 0;
T_14.3 ;
T_14.1 ;
    %load/vec4 v0x61c032b32ff0_0;
    %pad/u 32;
    %cmpi/e 0, 0, 32;
    %flag_mov 8, 4;
    %jmp/0 T_14.4, 8;
    %pushi/vec4 1, 0, 2;
    %jmp/1 T_14.5, 8;
T_14.4 ; End of true expr.
    %pushi/vec4 0, 0, 2;
    %jmp/0 T_14.5, 8;
 ; End of false expr.
    %blend;
T_14.5;
    %pad/s 1;
    %store/vec4 v0x61c032b33280_0, 0, 1;
    %jmp T_14;
    .thread T_14;
    .scope S_0x61c032b318e0;
T_15 ;
    %wait E_0x61c032b32050;
    %load/vec4 v0x61c032b32690_0;
    %flag_set/vec4 8;
    %jmp/0xz  T_15.0, 8;
    %pushi/vec4 0, 0, 3;
    %store/vec4 v0x61c032b328d0_0, 0, 3;
    %pushi/vec4 0, 0, 4;
    %store/vec4 v0x61c032b32250_0, 0, 4;
    %jmp T_15.1;
T_15.0 ;
    %load/vec4 v0x61c032b328d0_0;
    %dup/vec4;
    %pushi/vec4 0, 0, 3;
    %cmp/u;
    %jmp/1 T_15.2, 6;
    %dup/vec4;
    %pushi/vec4 2, 0, 3;
    %cmp/u;
    %jmp/1 T_15.3, 6;
    %dup/vec4;
    %pushi/vec4 1, 0, 3;
    %cmp/u;
    %jmp/1 T_15.4, 6;
    %dup/vec4;
    %pushi/vec4 4, 0, 3;
    %cmp/u;
    %jmp/1 T_15.5, 6;
    %dup/vec4;
    %pushi/vec4 3, 0, 3;
    %cmp/u;
    %jmp/1 T_15.6, 6;
    %dup/vec4;
    %pushi/vec4 5, 0, 3;
    %cmp/u;
    %jmp/1 T_15.7, 6;
    %pushi/vec4 0, 0, 3;
    %store/vec4 v0x61c032b328d0_0, 0, 3;
    %jmp T_15.9;
T_15.2 ;
    %load/vec4 v0x61c032b32400_0;
    %flag_set/vec4 8;
    %jmp/0xz  T_15.10, 8;
    %pushi/vec4 2, 0, 3;
    %store/vec4 v0x61c032b328d0_0, 0, 3;
    %jmp T_15.11;
T_15.10 ;
    %pushi/vec4 0, 0, 3;
    %store/vec4 v0x61c032b328d0_0, 0, 3;
T_15.11 ;
    %jmp T_15.9;
T_15.3 ;
    %pushi/vec4 1, 0, 3;
    %store/vec4 v0x61c032b328d0_0, 0, 3;
    %jmp T_15.9;
T_15.4 ;
    %load/vec4 v0x61c032b32a90_0;
    %flag_set/vec4 8;
    %jmp/0xz  T_15.12, 8;
    %pushi/vec4 5, 0, 3;
    %store/vec4 v0x61c032b328d0_0, 0, 3;
    %jmp T_15.13;
T_15.12 ;
    %pushi/vec4 4, 0, 3;
    %store/vec4 v0x61c032b328d0_0, 0, 3;
T_15.13 ;
    %jmp T_15.9;
T_15.5 ;
    %pushi/vec4 3, 0, 3;
    %store/vec4 v0x61c032b328d0_0, 0, 3;
    %jmp T_15.9;
T_15.6 ;
    %pushi/vec4 2, 0, 3;
    %store/vec4 v0x61c032b328d0_0, 0, 3;
    %jmp T_15.9;
T_15.7 ;
    %load/vec4 v0x61c032b32250_0;
    %addi 1, 0, 4;
    %store/vec4 v0x61c032b32250_0, 0, 4;
    %load/vec4 v0x61c032b32250_0;
    %pad/u 32;
    %cmpi/u 9, 0, 32;
    %flag_or 5, 4; GT is !LE
    %flag_inv 5;
    %flag_mov 8, 5;
    %jmp/0 T_15.14, 8;
    %pushi/vec4 0, 0, 3;
    %jmp/1 T_15.15, 8;
T_15.14 ; End of true expr.
    %pushi/vec4 5, 0, 3;
    %jmp/0 T_15.15, 8;
 ; End of false expr.
    %blend;
T_15.15;
    %store/vec4 v0x61c032b328d0_0, 0, 3;
    %jmp T_15.9;
T_15.9 ;
    %pop/vec4 1;
T_15.1 ;
    %jmp T_15;
    .thread T_15;
    .scope S_0x61c032b318e0;
T_16 ;
    %wait E_0x61c032b31ff0;
    %load/vec4 v0x61c032b328d0_0;
    %dup/vec4;
    %pushi/vec4 0, 0, 3;
    %cmp/u;
    %jmp/1 T_16.0, 6;
    %dup/vec4;
    %pushi/vec4 2, 0, 3;
    %cmp/u;
    %jmp/1 T_16.1, 6;
    %dup/vec4;
    %pushi/vec4 1, 0, 3;
    %cmp/u;
    %jmp/1 T_16.2, 6;
    %dup/vec4;
    %pushi/vec4 4, 0, 3;
    %cmp/u;
    %jmp/1 T_16.3, 6;
    %dup/vec4;
    %pushi/vec4 3, 0, 3;
    %cmp/u;
    %jmp/1 T_16.4, 6;
    %dup/vec4;
    %pushi/vec4 5, 0, 3;
    %cmp/u;
    %jmp/1 T_16.5, 6;
    %jmp T_16.6;
T_16.0 ;
    %pushi/vec4 0, 0, 1;
    %store/vec4 v0x61c032b32340_0, 0, 1;
    %pushi/vec4 0, 0, 1;
    %store/vec4 v0x61c032b325d0_0, 0, 1;
    %pushi/vec4 0, 0, 1;
    %store/vec4 v0x61c032b32750_0, 0, 1;
    %pushi/vec4 0, 0, 1;
    %store/vec4 v0x61c032b32810_0, 0, 1;
    %pushi/vec4 1, 0, 1;
    %store/vec4 v0x61c032b32510_0, 0, 1;
    %pushi/vec4 0, 0, 1;
    %store/vec4 v0x61c032b320b0_0, 0, 1;
    %jmp T_16.6;
T_16.1 ;
    %pushi/vec4 0, 0, 1;
    %store/vec4 v0x61c032b32340_0, 0, 1;
    %pushi/vec4 1, 0, 1;
    %store/vec4 v0x61c032b325d0_0, 0, 1;
    %pushi/vec4 1, 0, 1;
    %store/vec4 v0x61c032b32750_0, 0, 1;
    %pushi/vec4 1, 0, 1;
    %store/vec4 v0x61c032b32810_0, 0, 1;
    %pushi/vec4 0, 0, 1;
    %store/vec4 v0x61c032b32510_0, 0, 1;
    %pushi/vec4 0, 0, 1;
    %store/vec4 v0x61c032b320b0_0, 0, 1;
    %jmp T_16.6;
T_16.2 ;
    %pushi/vec4 0, 0, 1;
    %store/vec4 v0x61c032b32340_0, 0, 1;
    %pushi/vec4 1, 0, 1;
    %store/vec4 v0x61c032b325d0_0, 0, 1;
    %pushi/vec4 1, 0, 1;
    %store/vec4 v0x61c032b32750_0, 0, 1;
    %pushi/vec4 0, 0, 1;
    %store/vec4 v0x61c032b32810_0, 0, 1;
    %pushi/vec4 0, 0, 1;
    %store/vec4 v0x61c032b32510_0, 0, 1;
    %pushi/vec4 0, 0, 1;
    %store/vec4 v0x61c032b320b0_0, 0, 1;
    %jmp T_16.6;
T_16.3 ;
    %pushi/vec4 0, 0, 1;
    %store/vec4 v0x61c032b32340_0, 0, 1;
    %pushi/vec4 0, 0, 1;
    %store/vec4 v0x61c032b325d0_0, 0, 1;
    %pushi/vec4 0, 0, 1;
    %store/vec4 v0x61c032b32750_0, 0, 1;
    %pushi/vec4 0, 0, 1;
    %store/vec4 v0x61c032b32810_0, 0, 1;
    %pushi/vec4 0, 0, 1;
    %store/vec4 v0x61c032b32510_0, 0, 1;
    %pushi/vec4 1, 0, 1;
    %store/vec4 v0x61c032b320b0_0, 0, 1;
    %jmp T_16.6;
T_16.4 ;
    %pushi/vec4 0, 0, 1;
    %store/vec4 v0x61c032b32340_0, 0, 1;
    %pushi/vec4 0, 0, 1;
    %store/vec4 v0x61c032b325d0_0, 0, 1;
    %pushi/vec4 0, 0, 1;
    %store/vec4 v0x61c032b32750_0, 0, 1;
    %pushi/vec4 0, 0, 1;
    %store/vec4 v0x61c032b32810_0, 0, 1;
    %pushi/vec4 0, 0, 1;
    %store/vec4 v0x61c032b32510_0, 0, 1;
    %pushi/vec4 0, 0, 1;
    %store/vec4 v0x61c032b320b0_0, 0, 1;
    %jmp T_16.6;
T_16.5 ;
    %pushi/vec4 1, 0, 1;
    %store/vec4 v0x61c032b32340_0, 0, 1;
    %pushi/vec4 0, 0, 1;
    %store/vec4 v0x61c032b325d0_0, 0, 1;
    %pushi/vec4 0, 0, 1;
    %store/vec4 v0x61c032b32750_0, 0, 1;
    %pushi/vec4 0, 0, 1;
    %store/vec4 v0x61c032b32810_0, 0, 1;
    %pushi/vec4 0, 0, 1;
    %store/vec4 v0x61c032b32510_0, 0, 1;
    %pushi/vec4 0, 0, 1;
    %store/vec4 v0x61c032b320b0_0, 0, 1;
    %jmp T_16.6;
T_16.6 ;
    %pop/vec4 1;
    %jmp T_16;
    .thread T_16, $push;
    .scope S_0x61c032b318e0;
T_17 ;
    %wait E_0x61c032b31ff0;
    %load/vec4 v0x61c032b328d0_0;
    %dup/vec4;
    %pushi/vec4 0, 0, 3;
    %cmp/u;
    %jmp/1 T_17.0, 6;
    %dup/vec4;
    %pushi/vec4 1, 0, 3;
    %cmp/u;
    %jmp/1 T_17.1, 6;
    %dup/vec4;
    %pushi/vec4 2, 0, 3;
    %cmp/u;
    %jmp/1 T_17.2, 6;
    %dup/vec4;
    %pushi/vec4 3, 0, 3;
    %cmp/u;
    %jmp/1 T_17.3, 6;
    %dup/vec4;
    %pushi/vec4 4, 0, 3;
    %cmp/u;
    %jmp/1 T_17.4, 6;
    %dup/vec4;
    %pushi/vec4 5, 0, 3;
    %cmp/u;
    %jmp/1 T_17.5, 6;
    %jmp T_17.6;
T_17.0 ;
    %pushi/vec4 0, 0, 32; draw_string_vec4
    %pushi/vec4 0, 0, 32; draw_string_vec4
    %concat/vec4; draw_string_vec4
    %pushi/vec4 0, 0, 32; draw_string_vec4
    %concat/vec4; draw_string_vec4
    %pushi/vec4 0, 0, 32; draw_string_vec4
    %concat/vec4; draw_string_vec4
    %pushi/vec4 0, 0, 32; draw_string_vec4
    %concat/vec4; draw_string_vec4
    %pushi/vec4 0, 0, 32; draw_string_vec4
    %concat/vec4; draw_string_vec4
    %pushi/vec4 0, 0, 32; draw_string_vec4
    %concat/vec4; draw_string_vec4
    %pushi/vec4 0, 0, 32; draw_string_vec4
    %concat/vec4; draw_string_vec4
    %pushi/vec4 83, 0, 32; draw_string_vec4
    %concat/vec4; draw_string_vec4
    %pushi/vec4 1413567060, 0, 32; draw_string_vec4
    %concat/vec4; draw_string_vec4
    %store/vec4 v0x61c032b329b0_0, 0, 320;
    %jmp T_17.6;
T_17.1 ;
    %pushi/vec4 0, 0, 32; draw_string_vec4
    %pushi/vec4 0, 0, 32; draw_string_vec4
    %concat/vec4; draw_string_vec4
    %pushi/vec4 0, 0, 32; draw_string_vec4
    %concat/vec4; draw_string_vec4
    %pushi/vec4 0, 0, 32; draw_string_vec4
    %concat/vec4; draw_string_vec4
    %pushi/vec4 0, 0, 32; draw_string_vec4
    %concat/vec4; draw_string_vec4
    %pushi/vec4 0, 0, 32; draw_string_vec4
    %concat/vec4; draw_string_vec4
    %pushi/vec4 0, 0, 32; draw_string_vec4
    %concat/vec4; draw_string_vec4
    %pushi/vec4 0, 0, 32; draw_string_vec4
    %concat/vec4; draw_string_vec4
    %pushi/vec4 67, 0, 32; draw_string_vec4
    %concat/vec4; draw_string_vec4
    %pushi/vec4 1212498763, 0, 32; draw_string_vec4
    %concat/vec4; draw_string_vec4
    %store/vec4 v0x61c032b329b0_0, 0, 320;
    %jmp T_17.6;
T_17.2 ;
    %pushi/vec4 0, 0, 32; draw_string_vec4
    %pushi/vec4 0, 0, 32; draw_string_vec4
    %concat/vec4; draw_string_vec4
    %pushi/vec4 0, 0, 32; draw_string_vec4
    %concat/vec4; draw_string_vec4
    %pushi/vec4 0, 0, 32; draw_string_vec4
    %concat/vec4; draw_string_vec4
    %pushi/vec4 0, 0, 32; draw_string_vec4
    %concat/vec4; draw_string_vec4
    %pushi/vec4 0, 0, 32; draw_string_vec4
    %concat/vec4; draw_string_vec4
    %pushi/vec4 0, 0, 32; draw_string_vec4
    %concat/vec4; draw_string_vec4
    %pushi/vec4 83, 0, 32; draw_string_vec4
    %concat/vec4; draw_string_vec4
    %pushi/vec4 1212761684, 0, 32; draw_string_vec4
    %concat/vec4; draw_string_vec4
    %pushi/vec4 1598309699, 0, 32; draw_string_vec4
    %concat/vec4; draw_string_vec4
    %store/vec4 v0x61c032b329b0_0, 0, 320;
    %jmp T_17.6;
T_17.3 ;
    %pushi/vec4 0, 0, 32; draw_string_vec4
    %pushi/vec4 0, 0, 32; draw_string_vec4
    %concat/vec4; draw_string_vec4
    %pushi/vec4 0, 0, 32; draw_string_vec4
    %concat/vec4; draw_string_vec4
    %pushi/vec4 0, 0, 32; draw_string_vec4
    %concat/vec4; draw_string_vec4
    %pushi/vec4 0, 0, 32; draw_string_vec4
    %concat/vec4; draw_string_vec4
    %pushi/vec4 0, 0, 32; draw_string_vec4
    %concat/vec4; draw_string_vec4
    %pushi/vec4 0, 0, 32; draw_string_vec4
    %concat/vec4; draw_string_vec4
    %pushi/vec4 0, 0, 32; draw_string_vec4
    %concat/vec4; draw_string_vec4
    %pushi/vec4 0, 0, 32; draw_string_vec4
    %concat/vec4; draw_string_vec4
    %pushi/vec4 4277316, 0, 32; draw_string_vec4
    %concat/vec4; draw_string_vec4
    %store/vec4 v0x61c032b329b0_0, 0, 320;
    %jmp T_17.6;
T_17.4 ;
    %pushi/vec4 0, 0, 32; draw_string_vec4
    %pushi/vec4 0, 0, 32; draw_string_vec4
    %concat/vec4; draw_string_vec4
    %pushi/vec4 0, 0, 32; draw_string_vec4
    %concat/vec4; draw_string_vec4
    %pushi/vec4 0, 0, 32; draw_string_vec4
    %concat/vec4; draw_string_vec4
    %pushi/vec4 0, 0, 32; draw_string_vec4
    %concat/vec4; draw_string_vec4
    %pushi/vec4 0, 0, 32; draw_string_vec4
    %concat/vec4; draw_string_vec4
    %pushi/vec4 0, 0, 32; draw_string_vec4
    %concat/vec4; draw_string_vec4
    %pushi/vec4 0, 0, 32; draw_string_vec4
    %concat/vec4; draw_string_vec4
    %pushi/vec4 5001025, 0, 32; draw_string_vec4
    %concat/vec4; draw_string_vec4
    %pushi/vec4 1147093298, 0, 32; draw_string_vec4
    %concat/vec4; draw_string_vec4
    %store/vec4 v0x61c032b329b0_0, 0, 320;
    %jmp T_17.6;
T_17.5 ;
    %pushi/vec4 0, 0, 32; draw_string_vec4
    %pushi/vec4 0, 0, 32; draw_string_vec4
    %concat/vec4; draw_string_vec4
    %pushi/vec4 0, 0, 32; draw_string_vec4
    %concat/vec4; draw_string_vec4
    %pushi/vec4 0, 0, 32; draw_string_vec4
    %concat/vec4; draw_string_vec4
    %pushi/vec4 0, 0, 32; draw_string_vec4
    %concat/vec4; draw_string_vec4
    %pushi/vec4 0, 0, 32; draw_string_vec4
    %concat/vec4; draw_string_vec4
    %pushi/vec4 0, 0, 32; draw_string_vec4
    %concat/vec4; draw_string_vec4
    %pushi/vec4 0, 0, 32; draw_string_vec4
    %concat/vec4; draw_string_vec4
    %pushi/vec4 0, 0, 32; draw_string_vec4
    %concat/vec4; draw_string_vec4
    %pushi/vec4 1162757169, 0, 32; draw_string_vec4
    %concat/vec4; draw_string_vec4
    %store/vec4 v0x61c032b329b0_0, 0, 320;
    %jmp T_17.6;
T_17.6 ;
    %pop/vec4 1;
    %jmp T_17;
    .thread T_17, $push;
    .scope S_0x61c032b09a10;
T_18 ;
    %pushi/vec4 0, 0, 1;
    %store/vec4 v0x61c032b37fe0_0, 0, 1;
    %pushi/vec4 0, 0, 1;
    %store/vec4 v0x61c032b38360_0, 0, 1;
    %pushi/vec4 0, 0, 1;
    %store/vec4 v0x61c032b38450_0, 0, 1;
    %pushi/vec4 92210, 0, 20;
    %store/vec4 v0x61c032b37dd0_0, 0, 20;
    %end;
    .thread T_18;
    .scope S_0x61c032b09a10;
T_19 ;
    %delay 0, 0;
T_19.0 ;
    %pushi/vec4 0, 0, 1;
    %store/vec4 v0x61c032b37fe0_0, 0, 1;
    %delay 10000, 0;
    %pushi/vec4 1, 0, 1;
    %store/vec4 v0x61c032b37fe0_0, 0, 1;
    %delay 10000, 0;
    %jmp T_19.0;
    %end;
    .thread T_19;
    .scope S_0x61c032b09a10;
T_20 ;
    %wait E_0x61c032b32e80;
    %pushi/vec4 1, 0, 1;
    %store/vec4 v0x61c032b38360_0, 0, 1;
    %wait E_0x61c032b32e80;
    %pushi/vec4 0, 0, 1;
    %store/vec4 v0x61c032b38360_0, 0, 1;
    %wait E_0x61c032b32050;
    %pushi/vec4 0, 0, 1;
    %store/vec4 v0x61c032b38450_0, 0, 1;
    %wait E_0x61c032b32050;
    %pushi/vec4 1, 0, 1;
    %store/vec4 v0x61c032b38450_0, 0, 1;
    %pushi/vec4 0, 0, 21;
    %store/vec4 v0x61c032b38170_0, 0, 21;
T_20.0 ;
    %load/vec4 v0x61c032b38170_0;
    %pad/u 32;
    %cmpi/u 2, 0, 32;
    %jmp/0xz T_20.1, 5;
    %wait E_0x61c032b32050;
    %load/vec4 v0x61c032b38170_0;
    %addi 1, 0, 21;
    %store/vec4 v0x61c032b38170_0, 0, 21;
    %jmp T_20.0;
T_20.1 ;
    %pushi/vec4 0, 0, 1;
    %store/vec4 v0x61c032b38450_0, 0, 1;
    %pushi/vec4 0, 0, 21;
    %store/vec4 v0x61c032b38170_0, 0, 21;
T_20.2 ;
    %load/vec4 v0x61c032b38170_0;
    %pad/u 32;
    %cmpi/u 17, 0, 32;
    %jmp/0xz T_20.3, 5;
    %wait E_0x61c032b32050;
    %load/vec4 v0x61c032b38170_0;
    %addi 1, 0, 21;
    %store/vec4 v0x61c032b38170_0, 0, 21;
    %jmp T_20.2;
T_20.3 ;
    %end;
    .thread T_20;
    .scope S_0x61c032b09a10;
T_21 ;
    %fork t_1, S_0x61c032b078e0;
    %jmp t_0;
    .scope S_0x61c032b078e0;
t_1 ;
    %vpi_call 2 49 "$dumpfile", "bcd2bin_TB.vcd" {0 0 0};
    %vpi_call 2 50 "$dumpvars", 32'sb11111111111111111111111111111111, S_0x61c032b082b0 {0 0 0};
    %delay 2000000, 0;
    %vpi_call 2 51 "$finish" {0 0 0};
    %end;
    .scope S_0x61c032b09a10;
t_0 %join;
    %end;
    .thread T_21;
# The file index is used to find the file name in the following table.
:file_names 10;
    "N/A";
    "<interactive>";
    "bcd2bin_TB.v";
    "bcd2bin.v";
    "add_sub_c2.v";
    "ctrl_b2b.v";
    "count.v";
    "mux2.v";
    "reg_msb.v";
    "rsr4.v";
