
firmware.elf:     file format elf32-littleriscv

Sections:
Idx Name          Size      VMA       LMA       File off  Algn
  0 everything    00000462  00000000  00000000  00000054  2**2
                  CONTENTS, ALLOC, LOAD, CODE

Disassembly of section everything:

00000000 <calculator>:
   0:	00001137          	lui	sp,0x1

00000004 <loopM>:
   4:	0c400513          	li	a0,196
   8:	090000ef          	jal	ra,98 <putstring>
   c:	408000ef          	jal	ra,414 <getchar>
  10:	3a4000ef          	jal	ra,3b4 <putchar>
  14:	fd050513          	addi	a0,a0,-48
  18:	00a00593          	li	a1,10
  1c:	218000ef          	jal	ra,234 <mult>
  20:	00050593          	mv	a1,a0
  24:	3f0000ef          	jal	ra,414 <getchar>
  28:	38c000ef          	jal	ra,3b4 <putchar>
  2c:	fd050513          	addi	a0,a0,-48
  30:	00b50633          	add	a2,a0,a1
  34:	3e0000ef          	jal	ra,414 <getchar>
  38:	37c000ef          	jal	ra,3b4 <putchar>
  3c:	00050693          	mv	a3,a0
  40:	3d4000ef          	jal	ra,414 <getchar>
  44:	370000ef          	jal	ra,3b4 <putchar>
  48:	fd050513          	addi	a0,a0,-48
  4c:	00a00593          	li	a1,10
  50:	1e4000ef          	jal	ra,234 <mult>
  54:	00050593          	mv	a1,a0
  58:	3bc000ef          	jal	ra,414 <getchar>
  5c:	358000ef          	jal	ra,3b4 <putchar>
  60:	fd050513          	addi	a0,a0,-48
  64:	00b50533          	add	a0,a0,a1
  68:	00050293          	mv	t0,a0
  6c:	0f500513          	li	a0,245
  70:	028000ef          	jal	ra,98 <putstring>
  74:	00028593          	mv	a1,t0
  78:	00060513          	mv	a0,a2
  7c:	02a00293          	li	t0,42
  80:	00d29663          	bne	t0,a3,8c <divide>
  84:	1f8000ef          	jal	ra,27c <mult_hw>
  88:	0080006f          	j	90 <print_res>

0000008c <divide>:
  8c:	29c000ef          	jal	ra,328 <div_hw>

00000090 <print_res>:
  90:	08c000ef          	jal	ra,11c <bin_to_bcd>
  94:	f71ff06f          	j	4 <loopM>

00000098 <putstring>:
  98:	ffc10113          	addi	sp,sp,-4 # ffc <getchar+0xbe8>
  9c:	00112023          	sw	ra,0(sp)
  a0:	00050393          	mv	t2,a0
  a4:	0003c503          	lbu	a0,0(t2)
  a8:	00050863          	beqz	a0,b8 <putstring+0x20>
  ac:	308000ef          	jal	ra,3b4 <putchar>
  b0:	00138393          	addi	t2,t2,1
  b4:	ff1ff06f          	j	a4 <putstring+0xc>
  b8:	00012083          	lw	ra,0(sp)
  bc:	00410113          	addi	sp,sp,4
  c0:	00008067          	ret

000000c4 <command>:
  c4:	0d0a                	slli	s10,s10,0x2
  c6:	2d20                	fld	fs0,88(a0)
  c8:	4520                	lw	s0,72(a0)
  ca:	746e                	flw	fs0,248(sp)
  cc:	7265                	lui	tp,0xffff9
  ce:	7420                	flw	fs0,104(s0)
  d0:	6f206f77          	.4byte	0x6f206f77
  d4:	6570                	flw	fa2,76(a0)
  d6:	6172                	flw	ft2,28(sp)
  d8:	646e                	flw	fs0,216(sp)
  da:	202d2073          	csrs	0x202,s10
  de:	0d0a                	slli	s10,s10,0x2
	...

000000e1 <operator>:
  e1:	0d0a                	slli	s10,s10,0x2
  e3:	6e45                	lui	t3,0x11
  e5:	6574                	flw	fa3,76(a0)
  e7:	2072                	fld	ft0,280(sp)
  e9:	7265706f          	j	5780f <getchar+0x573fb>
  ed:	7461                	lui	s0,0xffff8
  ef:	0a20726f          	jal	tp,7191 <getchar+0x6d7d>
  f3:	000d                	c.nop	3

000000f5 <result>:
  f5:	0d0a                	slli	s10,s10,0x2
  f7:	6552                	flw	fa0,20(sp)
  f9:	746c7573          	csrrci	a0,0x746,24
  fd:	3d20                	fld	fs0,120(a0)
  ff:	0020                	addi	s0,sp,8
 101:	1941                	addi	s2,s2,-16
 103:	0000                	unimp
 105:	7200                	flw	fs0,32(a2)
 107:	7369                	lui	t1,0xffffa
 109:	01007663          	bgeu	zero,a6,115 <result+0x20>
 10d:	0000000f          	fence	unknown,unknown
 111:	7205                	lui	tp,0xfffe1
 113:	3376                	fld	ft6,376(sp)
 115:	6932                	flw	fs2,12(sp)
 117:	7032                	flw	ft0,44(sp)
 119:	0030                	addi	a2,sp,8
	...

0000011c <bin_to_bcd>:
 11c:	fe410113          	addi	sp,sp,-28
 120:	00512023          	sw	t0,0(sp)
 124:	00612223          	sw	t1,4(sp)
 128:	00712423          	sw	t2,8(sp)
 12c:	01c12623          	sw	t3,12(sp)
 130:	01e12823          	sw	t5,16(sp)
 134:	01f12a23          	sw	t6,20(sp)
 138:	00112c23          	sw	ra,24(sp)
 13c:	00000593          	li	a1,0
 140:	00100f93          	li	t6,1
 144:	00ff9f93          	slli	t6,t6,0xf
 148:	00159593          	slli	a1,a1,0x1
 14c:	00300313          	li	t1,3
 150:	00500393          	li	t2,5
 154:	00f00e13          	li	t3,15
 158:	00100293          	li	t0,1
 15c:	00f29293          	slli	t0,t0,0xf
 160:	00a2f2b3          	and	t0,t0,a0
 164:	00028463          	beqz	t0,16c <bin_to_bcd+0x50>
 168:	00158593          	addi	a1,a1,1
 16c:	00151513          	slli	a0,a0,0x1
 170:	001fdf93          	srli	t6,t6,0x1
 174:	040f8263          	beqz	t6,1b8 <bin_to_bcd+0x9c>
 178:	01c5f2b3          	and	t0,a1,t3
 17c:	0072d463          	bge	t0,t2,184 <bin_to_bcd+0x68>
 180:	0240006f          	j	1a4 <bin_to_bcd+0x88>
 184:	006282b3          	add	t0,t0,t1
 188:	01c2f2b3          	and	t0,t0,t3
 18c:	00000f13          	li	t5,0
 190:	ffff0f13          	addi	t5,t5,-1
 194:	01ee4f33          	xor	t5,t3,t5
 198:	01e2e2b3          	or	t0,t0,t5
 19c:	01c5e5b3          	or	a1,a1,t3
 1a0:	0055f5b3          	and	a1,a1,t0
 1a4:	00431313          	slli	t1,t1,0x4
 1a8:	00439393          	slli	t2,t2,0x4
 1ac:	004e1e13          	slli	t3,t3,0x4
 1b0:	f80e0ce3          	beqz	t3,148 <bin_to_bcd+0x2c>
 1b4:	fc5ff06f          	j	178 <bin_to_bcd+0x5c>
 1b8:	00800e13          	li	t3,8
 1bc:	00058293          	mv	t0,a1
 1c0:	00c2d293          	srli	t0,t0,0xc
 1c4:	00f2f293          	andi	t0,t0,15
 1c8:	03028293          	addi	t0,t0,48
 1cc:	00028513          	mv	a0,t0
 1d0:	1e4000ef          	jal	ra,3b4 <putchar>
 1d4:	00459593          	slli	a1,a1,0x4
 1d8:	001e5e13          	srli	t3,t3,0x1
 1dc:	000e0463          	beqz	t3,1e4 <.PC0>
 1e0:	fddff06f          	j	1bc <bin_to_bcd+0xa0>

000001e4 <.PC0>:
 1e4:	00a00513          	li	a0,10
 1e8:	1cc000ef          	jal	ra,3b4 <putchar>
 1ec:	00d00513          	li	a0,13
 1f0:	1c4000ef          	jal	ra,3b4 <putchar>
 1f4:	00012283          	lw	t0,0(sp)
 1f8:	00412303          	lw	t1,4(sp)
 1fc:	00812383          	lw	t2,8(sp)
 200:	00c12e03          	lw	t3,12(sp)
 204:	01012f03          	lw	t5,16(sp)
 208:	01412f83          	lw	t6,20(sp)
 20c:	01812083          	lw	ra,24(sp)
 210:	01c10113          	addi	sp,sp,28
 214:	00008067          	ret
 218:	1941                	addi	s2,s2,-16
 21a:	0000                	unimp
 21c:	7200                	flw	fs0,32(a2)
 21e:	7369                	lui	t1,0xffffa
 220:	01007663          	bgeu	zero,a6,22c <.PC0+0x48>
 224:	0000000f          	fence	unknown,unknown
 228:	7205                	lui	tp,0xfffe1
 22a:	3376                	fld	ft6,376(sp)
 22c:	6932                	flw	fs2,12(sp)
 22e:	7032                	flw	ft0,44(sp)
 230:	0030                	addi	a2,sp,8
	...

00000234 <mult>:
 234:	ff410113          	addi	sp,sp,-12
 238:	00d12023          	sw	a3,0(sp)
 23c:	00e12223          	sw	a4,4(sp)
 240:	00f12423          	sw	a5,8(sp)
 244:	00050713          	mv	a4,a0
 248:	00058793          	mv	a5,a1
 24c:	00000513          	li	a0,0
 250:	0017f693          	andi	a3,a5,1
 254:	00068463          	beqz	a3,25c <mult+0x28>
 258:	00e50533          	add	a0,a0,a4
 25c:	0017d793          	srli	a5,a5,0x1
 260:	00171713          	slli	a4,a4,0x1
 264:	fe0796e3          	bnez	a5,250 <mult+0x1c>
 268:	00012683          	lw	a3,0(sp)
 26c:	00412703          	lw	a4,4(sp)
 270:	00812783          	lw	a5,8(sp)
 274:	00c10113          	addi	sp,sp,12
 278:	00008067          	ret

0000027c <mult_hw>:
 27c:	004201b7          	lui	gp,0x420
 280:	00a1a223          	sw	a0,4(gp) # 420004 <MULT_BASE+0x4>
 284:	00b1a423          	sw	a1,8(gp)
 288:	00100513          	li	a0,1
 28c:	00a1a623          	sw	a0,12(gp)
 290:	0001a623          	sw	zero,12(gp)
 294:	00100293          	li	t0,1
 298:	0141a303          	lw	t1,20(gp)
 29c:	00537333          	and	t1,t1,t0
 2a0:	fe030ae3          	beqz	t1,294 <mult_hw+0x18>
 2a4:	0101a503          	lw	a0,16(gp)
 2a8:	00008067          	ret
 2ac:	1941                	addi	s2,s2,-16
 2ae:	0000                	unimp
 2b0:	7200                	flw	fs0,32(a2)
 2b2:	7369                	lui	t1,0xffffa
 2b4:	01007663          	bgeu	zero,a6,2c0 <mult_hw+0x44>
 2b8:	0000000f          	fence	unknown,unknown
 2bc:	7205                	lui	tp,0xfffe1
 2be:	3376                	fld	ft6,376(sp)
 2c0:	6932                	flw	fs2,12(sp)
 2c2:	7032                	flw	ft0,44(sp)
 2c4:	0030                	addi	a2,sp,8
	...

000002c8 <div>:
 2c8:	ff810113          	addi	sp,sp,-8
 2cc:	00d12023          	sw	a3,0(sp)
 2d0:	00c120a3          	sw	a2,1(sp)
 2d4:	00058613          	mv	a2,a1
 2d8:	00050593          	mv	a1,a0
 2dc:	fff00513          	li	a0,-1
 2e0:	02060c63          	beqz	a2,318 <div+0x50>
 2e4:	00100693          	li	a3,1
 2e8:	00b67a63          	bgeu	a2,a1,2fc <div+0x34>
 2ec:	00c05863          	blez	a2,2fc <div+0x34>
 2f0:	00161613          	slli	a2,a2,0x1
 2f4:	00169693          	slli	a3,a3,0x1
 2f8:	feb66ae3          	bltu	a2,a1,2ec <div+0x24>
 2fc:	00000513          	li	a0,0
 300:	00c5e663          	bltu	a1,a2,30c <div+0x44>
 304:	40c585b3          	sub	a1,a1,a2
 308:	00d56533          	or	a0,a0,a3
 30c:	0016d693          	srli	a3,a3,0x1
 310:	00165613          	srli	a2,a2,0x1
 314:	fe0696e3          	bnez	a3,300 <div+0x38>
 318:	00012683          	lw	a3,0(sp)
 31c:	00112603          	lw	a2,1(sp)
 320:	00810113          	addi	sp,sp,8
 324:	00008067          	ret

00000328 <div_hw>:
 328:	004301b7          	lui	gp,0x430
 32c:	00a1a223          	sw	a0,4(gp) # 430004 <DIV_BASE+0x4>
 330:	00b1a423          	sw	a1,8(gp)
 334:	00100513          	li	a0,1
 338:	00a1a623          	sw	a0,12(gp)
 33c:	0001a623          	sw	zero,12(gp)
 340:	00100293          	li	t0,1
 344:	0141a303          	lw	t1,20(gp)
 348:	00537333          	and	t1,t1,t0
 34c:	fe030ae3          	beqz	t1,340 <div_hw+0x18>
 350:	0101a503          	lw	a0,16(gp)
 354:	00008067          	ret
 358:	1941                	addi	s2,s2,-16
 35a:	0000                	unimp
 35c:	7200                	flw	fs0,32(a2)
 35e:	7369                	lui	t1,0xffffa
 360:	01007663          	bgeu	zero,a6,36c <div_hw+0x44>
 364:	0000000f          	fence	unknown,unknown
 368:	7205                	lui	tp,0xfffe1
 36a:	3376                	fld	ft6,376(sp)
 36c:	6932                	flw	fs2,12(sp)
 36e:	7032                	flw	ft0,44(sp)
 370:	0030                	addi	a2,sp,8
	...

00000374 <wait>:
 374:	ffc10113          	addi	sp,sp,-4
 378:	00512023          	sw	t0,0(sp)
 37c:	00100293          	li	t0,1
 380:	00a292b3          	sll	t0,t0,a0
 384:	fff28293          	addi	t0,t0,-1
 388:	fe029ee3          	bnez	t0,384 <wait+0x10>
 38c:	00012283          	lw	t0,0(sp)
 390:	00410113          	addi	sp,sp,4
 394:	00008067          	ret
 398:	1941                	addi	s2,s2,-16
 39a:	0000                	unimp
 39c:	7200                	flw	fs0,32(a2)
 39e:	7369                	lui	t1,0xffffa
 3a0:	01007663          	bgeu	zero,a6,3ac <wait+0x38>
 3a4:	0000000f          	fence	unknown,unknown
 3a8:	7205                	lui	tp,0xfffe1
 3aa:	3376                	fld	ft6,376(sp)
 3ac:	6932                	flw	fs2,12(sp)
 3ae:	7032                	flw	ft0,44(sp)
 3b0:	0030                	addi	a2,sp,8
	...

000003b4 <putchar>:
 3b4:	ff810113          	addi	sp,sp,-8
 3b8:	00512023          	sw	t0,0(sp)
 3bc:	00612223          	sw	t1,4(sp)
 3c0:	004001b7          	lui	gp,0x400
 3c4:	00a1a423          	sw	a0,8(gp) # 400008 <UART_BASE+0x8>
 3c8:	00100293          	li	t0,1
 3cc:	0051a823          	sw	t0,16(gp)
 3d0:	00000293          	li	t0,0
 3d4:	0051a823          	sw	t0,16(gp)
 3d8:	20000293          	li	t0,512
 3dc:	0101a303          	lw	t1,16(gp)
 3e0:	00537333          	and	t1,t1,t0
 3e4:	fe031ce3          	bnez	t1,3dc <putchar+0x28>
 3e8:	00012283          	lw	t0,0(sp)
 3ec:	00412303          	lw	t1,4(sp)
 3f0:	00810113          	addi	sp,sp,8
 3f4:	00008067          	ret
 3f8:	1941                	addi	s2,s2,-16
 3fa:	0000                	unimp
 3fc:	7200                	flw	fs0,32(a2)
 3fe:	7369                	lui	t1,0xffffa
 400:	01007663          	bgeu	zero,a6,40c <putchar+0x58>
 404:	0000000f          	fence	unknown,unknown
 408:	7205                	lui	tp,0xfffe1
 40a:	3376                	fld	ft6,376(sp)
 40c:	6932                	flw	fs2,12(sp)
 40e:	7032                	flw	ft0,44(sp)
 410:	0030                	addi	a2,sp,8
	...

00000414 <getchar>:
 414:	ffc10113          	addi	sp,sp,-4
 418:	00512023          	sw	t0,0(sp)
 41c:	004001b7          	lui	gp,0x400
 420:	0101a503          	lw	a0,16(gp) # 400010 <UART_BASE+0x10>
 424:	10057293          	andi	t0,a0,256
 428:	fe028ce3          	beqz	t0,420 <getchar+0xc>
 42c:	00200293          	li	t0,2
 430:	0051a823          	sw	t0,16(gp)
 434:	0081a503          	lw	a0,8(gp)
 438:	0ff57513          	zext.b	a0,a0
 43c:	00012283          	lw	t0,0(sp)
 440:	00410113          	addi	sp,sp,4
 444:	00008067          	ret
 448:	1941                	addi	s2,s2,-16
 44a:	0000                	unimp
 44c:	7200                	flw	fs0,32(a2)
 44e:	7369                	lui	t1,0xffffa
 450:	01007663          	bgeu	zero,a6,45c <getchar+0x48>
 454:	0000000f          	fence	unknown,unknown
 458:	7205                	lui	tp,0xfffe1
 45a:	3376                	fld	ft6,376(sp)
 45c:	6932                	flw	fs2,12(sp)
 45e:	7032                	flw	ft0,44(sp)
 460:	0030                	addi	a2,sp,8
